2020/06/05 01:00:46| Created PID file (/var/run/squid.pid)
2020/06/05 01:00:46| Set Current Directory to /var/cache/squid
2020/06/05 01:00:46| Creating missing swap directories
2020/06/05 01:00:46| No cache_dir stores are configured.
2020/06/05 01:00:46| Removing PID file (/var/run/squid.pid)
2020/06/05 01:00:46| Created PID file (/var/run/squid.pid)
2020/06/05 01:00:46| Set Current Directory to /var/cache/squid
2020/06/05 01:00:46| Starting Squid Cache version 4.11 for x86_64-alpine-linux-musl...
2020/06/05 01:00:46| Service Name: squid
2020/06/05 01:00:46| Process ID 1
2020/06/05 01:00:46| Process Roles: master worker
2020/06/05 01:00:46| With 1048576 file descriptors available
2020/06/05 01:00:46| Initializing IP Cache...
2020/06/05 01:00:46| DNS Socket created at 0.0.0.0, FD 3
2020/06/05 01:00:46| Adding nameserver 1.1.1.1 from squid.conf
2020/06/05 01:00:46| Adding nameserver 8.8.8.8 from squid.conf
2020/06/05 01:00:46| Logfile: opening log daemon:/var/log/squid/access.log
2020/06/05 01:00:46| Logfile Daemon: opening log /var/log/squid/access.log
2020/06/05 01:00:46| Local cache digest enabled; rebuild/rewrite every 3600/3600 sec
2020/06/05 01:00:46| Store logging disabled
2020/06/05 01:00:46| Swap maxSize 0 + 1048576 KB, estimated 80659 objects
2020/06/05 01:00:46| Target number of buckets: 4032
2020/06/05 01:00:46| Using 8192 Store buckets
2020/06/05 01:00:46| Max Mem  size: 1048576 KB
2020/06/05 01:00:46| Max Swap size: 0 KB
2020/06/05 01:00:46| Using Least Load store dir selection
2020/06/05 01:00:46| Set Current Directory to /var/cache/squid
2020/06/05 01:00:46| Finished loading MIME types and icons.
2020/06/05 01:00:46| HTCP Disabled.
2020/06/05 01:00:46| Squid plugin modules loaded: 0
2020/06/05 01:00:46| Adaptation support is off.
2020/06/05 01:00:46| Accepting HTTP Socket connections at local=0.0.0.0:3128 remote=[::] FD 11 flags=9
2020/06/05 01:00:47| storeLateRelease: released 0 objects
2020/06/05 01:01:46| Preparing for shutdown after 4 requests
2020/06/05 01:01:46| Waiting 30 seconds for active connections to finish
2020/06/05 01:01:46| Closing HTTP(S) port 0.0.0.0:3128
